<?xml version="1.0" encoding="UTF-8"?>
<!-- Generated by org.testng.reporters.JUnitReportReporter -->
<testsuite hostname="EPINPUNW014F" failures="0" tests="6" name="com.java.logicfile.SeleniumClass" time="32.609" errors="0" timestamp="2021-11-10T19:39:59 IST" skipped="0">
  <testcase classname="com.java.logicfile.SeleniumClass" name="browserSetup" time="6.477"/>
  <system-out/>
  <testcase classname="com.java.logicfile.SeleniumClass" name="radiobutton" time="0.464"/>
  <system-out/>
  <testcase classname="com.java.logicfile.SeleniumClass" name="checkbox" time="0.425"/>
  <system-out/>
  <testcase classname="com.java.logicfile.SeleniumClass" name="alert" time="0.312"/>
  <system-out/>
  <testcase classname="com.java.logicfile.SeleniumClass" name="handleWindow" time="2.993"/>
  <system-out/>
  <testcase classname="com.java.logicfile.SeleniumClass" name="action" time="21.938"/>
  <system-out/>
</testsuite> <!-- com.java.logicfile.SeleniumClass -->
