<?xml version="1.0" encoding="UTF-8"?>
<!-- Generated by org.testng.reporters.JUnitReportReporter -->
<testsuite hostname="EPINPUNW014F" failures="0" tests="2" name="com.epam.bdd.api.BasicTestForBody" time="2.636" errors="0" timestamp="2021-11-15T01:10:54 IST" skipped="0">
  <testcase classname="com.epam.bdd.api.BasicTestForBody" name="verifyCountryDetails" time="2.159"/>
  <system-out/>
  <testcase classname="com.epam.bdd.api.BasicTestForBody" name="verifyNegativeCase" time="0.477"/>
  <system-out/>
</testsuite> <!-- com.epam.bdd.api.BasicTestForBody -->
