<?xml version="1.0" encoding="UTF-8"?>
<!-- Generated by org.testng.reporters.JUnitReportReporter -->
<testsuite hostname="EPINPUNW014F" failures="0" tests="1" name="com.epam.bdd.api.PetSchemaTest" time="4.186" errors="0" timestamp="2021-11-15T21:43:38 IST" skipped="0">
  <testcase classname="com.epam.bdd.api.PetSchemaTest" name="testSchema" time="4.186"/>
  <system-out/>
</testsuite> <!-- com.epam.bdd.api.PetSchemaTest -->
