<?xml version="1.0" encoding="UTF-8"?>
<!-- Generated by org.testng.reporters.JUnitReportReporter -->
<testsuite hostname="EPINPUNW014F" failures="0" tests="2" name="com.epam.bdd.api.ExtractData" time="1.811" errors="0" timestamp="2021-11-15T02:10:23 IST" skipped="0">
  <testcase classname="com.epam.bdd.api.ExtractData" name="verifyState1" time="1.804"/>
  <system-out/>
  <testcase classname="com.epam.bdd.api.ExtractData" name="verifyData" time="0.007"/>
  <system-out/>
</testsuite> <!-- com.epam.bdd.api.ExtractData -->
