<?xml version="1.0" encoding="UTF-8"?>
<!-- Generated by org.testng.reporters.JUnitReportReporter -->
<testsuite hostname="EPINPUNW014F" failures="0" tests="6" name="com.epam.bdd.api.DataDrivenTest" time="4.822" errors="0" timestamp="2021-11-15T01:54:38 IST" skipped="0">
  <testcase classname="com.epam.bdd.api.DataDrivenTest" name="verifyState2" time="0.543"/>
  <system-out/>
  <testcase classname="com.epam.bdd.api.DataDrivenTest" name="verifyState2" time="0.509"/>
  <system-out/>
  <testcase classname="com.epam.bdd.api.DataDrivenTest" name="verifyState1" time="2.244"/>
  <system-out/>
  <testcase classname="com.epam.bdd.api.DataDrivenTest" name="verifyState3" time="0.511"/>
  <system-out/>
  <testcase classname="com.epam.bdd.api.DataDrivenTest" name="verifyState3" time="0.504"/>
  <system-out/>
  <testcase classname="com.epam.bdd.api.DataDrivenTest" name="verifyStates" time="0.511"/>
  <system-out/>
</testsuite> <!-- com.epam.bdd.api.DataDrivenTest -->
