<?xml version="1.0" encoding="UTF-8"?>
<!-- Generated by org.testng.reporters.JUnitReportReporter -->
<testsuite hostname="EPINPUNW014F" failures="0" tests="1" name="com.epam.bdd.api.BasicAuth" time="4.193" errors="0" timestamp="2021-11-15T16:40:25 IST" skipped="0">
  <testcase classname="com.epam.bdd.api.BasicAuth" name="basicAuth" time="4.193"/>
  <system-out/>
</testsuite> <!-- com.epam.bdd.api.BasicAuth -->
