<?xml version="1.0" encoding="UTF-8"?>
<!-- Generated by org.testng.reporters.JUnitReportReporter -->
<testsuite hostname="EPINPUNW014F" failures="0" tests="1" name="com.epam.bdd.api.CookieBased" time="5.872" errors="0" timestamp="2021-11-16T12:48:24 IST" skipped="0">
  <testcase classname="com.epam.bdd.api.CookieBased" name="TestCookie" time="5.872"/>
  <system-out/>
</testsuite> <!-- com.epam.bdd.api.CookieBased -->
