<?xml version="1.0" encoding="UTF-8"?>
<!-- Generated by org.testng.reporters.JUnitReportReporter -->
<testsuite hostname="EPINPUNW014F" failures="0" tests="1" name="com.epam.bdd.cucumber.App" time="2.756" errors="0" timestamp="2021-11-14T02:16:05 IST" skipped="0">
  <testcase classname="com.epam.bdd.cucumber.App" name="verifyStatus" time="2.756"/>
  <system-out/>
</testsuite> <!-- com.epam.bdd.cucumber.App -->
