<?xml version="1.0" encoding="UTF-8"?>
<!-- Generated by org.testng.reporters.JUnitReportReporter -->
<testsuite hostname="EPINPUNW014F" failures="0" tests="1" name="com.epam.bdd.api.XmlTest" time="3.666" errors="0" timestamp="2021-11-15T02:34:45 IST" skipped="0">
  <testcase classname="com.epam.bdd.api.XmlTest" name="testXMLData" time="3.666"/>
  <system-out/>
</testsuite> <!-- com.epam.bdd.api.XmlTest -->
